02:02:39 **** Build of configuration Debug for project hello world ****
make all 
Building file: ../src/hello world.cpp
Invoking: GCC C++ Compiler
g++ -O0 -g3 -Wall -c -fmessage-length=0 -MMD -MP -MF"src/hello world.d" -MT"src/hello\ world.d" -o "src/hello world.o" "../src/hello world.cpp"
Finished building: ../src/hello world.cpp
 
Building target: hello world
Invoking: GCC C++ Linker
g++  -o "hello world"  ./src/hello\ world.o   
Finished building target: hello world
 
02:03:04 **** Incremental Build of configuration Debug for project hello world ****
make all 
make: Nothing to be done for 'all'.
02:03:21 **** Incremental Build of configuration Debug for project hello world ****
make all 
make: Nothing to be done for 'all'.
02:03:26 **** Incremental Build of configuration Debug for project hello world ****
make all 
make: Nothing to be done for 'all'.
02:03:28 **** Incremental Build of configuration Debug for project hello world ****
make all 
make: Nothing to be done for 'all'.
02:04:04 **** Incremental Build of configuration Debug for project hello world ****
make all 
make: Nothing to be done for 'all'.
