23:11:46 **** Incremental Build of configuration Debug for project StringStream ****
make all 
Building file: ../main.cpp
Invoking: GCC C++ Compiler
g++ -O0 -g3 -Wall -c -fmessage-length=0 -MMD -MP -MF"main.d" -MT"main.o" -o "main.o" "../main.cpp"
../main.cpp: In function ‘std::vector<int> parseInts(std::__cxx11::string)’:
../main.cpp:16:7: warning: unused variable ‘c’ [-Wunused-variable]
  char c;
       ^
../main.cpp: In function ‘int main()’:
../main.cpp:33:22: warning: comparison between signed and unsigned integer expressions [-Wsign-compare]
     for(int i = 0; i < integers.size(); i++)
                      ^
Finished building: ../main.cpp
 
Building target: StringStream
Invoking: GCC C++ Linker
g++  -o "StringStream"  ./main.o   
Finished building target: StringStream
 
23:11:49 **** Incremental Build of configuration Debug for project StringStream ****
make all 
make: Nothing to be done for 'all'.
