13:03:26 **** Build of configuration Debug for project Abstract Classes - Polymorphism ****
make all 
Building file: ../abstractclass.cpp
Invoking: GCC C++ Compiler
g++ -std=c++0x -O0 -g3 -Wall -c -fmessage-length=0 -MMD -MP -MF"abstractclass.d" -MT"abstractclass.o" -o "abstractclass.o" "../abstractclass.cpp"
../abstractclass.cpp: In constructor ‘Node::Node(Node*, Node*, int, int)’:
../abstractclass.cpp:14:10: warning: ‘Node::prev’ will be initialized after [-Wreorder]
    Node* prev;
          ^
../abstractclass.cpp:13:10: warning:   ‘Node* Node::next’ [-Wreorder]
    Node* next;
          ^
../abstractclass.cpp:17:4: warning:   when initialized here [-Wreorder]
    Node(Node* p, Node* n, int k, int val):prev(p),next(n),key(k),value(val){};
    ^
../abstractclass.cpp:16:8: warning: ‘Node::key’ will be initialized after [-Wreorder]
    int key;
        ^
../abstractclass.cpp:15:8: warning:   ‘int Node::value’ [-Wreorder]
    int value;
        ^
../abstractclass.cpp:17:4: warning:   when initialized here [-Wreorder]
    Node(Node* p, Node* n, int k, int val):prev(p),next(n),key(k),value(val){};
    ^
../abstractclass.cpp: In constructor ‘Node::Node(int, int)’:
../abstractclass.cpp:14:10: warning: ‘Node::prev’ will be initialized after [-Wreorder]
    Node* prev;
          ^
../abstractclass.cpp:13:10: warning:   ‘Node* Node::next’ [-Wreorder]
    Node* next;
          ^
../abstractclass.cpp:18:4: warning:   when initialized here [-Wreorder]
    Node(int k, int val):prev(NULL),next(NULL),key(k),value(val){};
    ^
../abstractclass.cpp:16:8: warning: ‘Node::key’ will be initialized after [-Wreorder]
    int key;
        ^
../abstractclass.cpp:15:8: warning:   ‘int Node::value’ [-Wreorder]
    int value;
        ^
../abstractclass.cpp:18:4: warning:   when initialized here [-Wreorder]
    Node(int k, int val):prev(NULL),next(NULL),key(k),value(val){};
    ^
../abstractclass.cpp: In member function ‘virtual void LRUCache::set(int, int)’:
../abstractclass.cpp:47:17: warning: comparison between signed and unsigned integer expressions [-Wsign-compare]
    if(mp.size() < cp)
                 ^
Finished building: ../abstractclass.cpp
 
Building target: Abstract Classes - Polymorphism
Invoking: GCC C++ Linker
g++  -o "Abstract Classes - Polymorphism"  ./abstractclass.o   
Finished building target: Abstract Classes - Polymorphism
 
13:03:42 **** Incremental Build of configuration Debug for project Abstract Classes - Polymorphism ****
make all 
make: Nothing to be done for 'all'.
